Arguments: 
  /usr/local/Cellar/node/13.7.0/bin/node /usr/local/Cellar/yarn/1.21.1/libexec/bin/yarn.js global add express-generator

PATH: 
  /usr/local/bin:/usr/bin:/bin:/usr/sbin:/sbin:/usr/local/share/dotnet:~/.dotnet/tools:/Library/Frameworks/Mono.framework/Versions/Current/Commands:/Users/rennemannd/Projects/JavaScript/SwampHacks2020/node_modules/.bin

Yarn version: 
  1.21.1

Node version: 
  13.7.0

Platform: 
  darwin x64

Trace: 
  SyntaxError: /Users/rennemannd/Projects/JavaScript/SwampHacks2020/package.json: Unexpected token ] in JSON at position 79
      at JSON.parse (<anonymous>)
      at /usr/local/Cellar/yarn/1.21.1/libexec/lib/cli.js:1625:59
      at Generator.next (<anonymous>)
      at step (/usr/local/Cellar/yarn/1.21.1/libexec/lib/cli.js:310:30)
      at /usr/local/Cellar/yarn/1.21.1/libexec/lib/cli.js:321:13

npm manifest: 
  {
    "private": true,
    "name": "SwampHacks2020",
    "workspaces": ["swamp-app", ],
    "scripts": {}
  }

yarn manifest: 
  No manifest

Lockfile: 
  No lockfile
